app/build/intermediates/manifest_merge_blame_file/release/processReleaseMainManifest/manifest-merger-blame-release-report.txt
1<?xml version="1.0" encoding="utf-8"?>
2<manifest xmlns:android="http://schemas.android.com/apk/res/android"
3    package="com.reader.fiction.fantasy"
4    android:versionCode="1"
5    android:versionName="1.0" >
6
7    <uses-sdk
8        android:minSdkVersion="24"
9        android:targetSdkVersion="34" />
10
11    <!-- The app needs internet access to communicate with RevenueCat and Google Play. -->
12    <uses-permission android:name="android.permission.INTERNET" />
12-->src\main\AndroidManifest.xml:6:5-67
12-->src\main\AndroidManifest.xml:6:22-64
13    <uses-permission android:name="com.android.vending.BILLING" />
13-->[com.android.billingclient:billing:8.0.0] AndroidManifest.xml:10:5-67
13-->[com.android.billingclient:billing:8.0.0] AndroidManifest.xml:10:22-64
14
15    <queries>
15-->[com.android.billingclient:billing:8.0.0] AndroidManifest.xml:12:5-19:15
16        <intent>
16-->[com.android.billingclient:billing:8.0.0] AndroidManifest.xml:13:9-15:18
17            <action android:name="com.android.vending.billing.InAppBillingService.BIND" />
17-->[com.android.billingclient:billing:8.0.0] AndroidManifest.xml:14:13-91
17-->[com.android.billingclient:billing:8.0.0] AndroidManifest.xml:14:21-88
18        </intent>
19        <intent>
19-->[com.android.billingclient:billing:8.0.0] AndroidManifest.xml:16:9-18:18
20            <action android:name="com.google.android.apps.play.billingtestcompanion.BillingOverrideService.BIND" />
20-->[com.android.billingclient:billing:8.0.0] AndroidManifest.xml:17:13-116
20-->[com.android.billingclient:billing:8.0.0] AndroidManifest.xml:17:21-113
21        </intent>
22    </queries>
23
24    <permission
24-->[androidx.core:core:1.16.0] AndroidManifest.xml:22:5-24:47
25        android:name="com.reader.fiction.fantasy.DYNAMIC_RECEIVER_NOT_EXPORTED_PERMISSION"
25-->[androidx.core:core:1.16.0] AndroidManifest.xml:23:9-81
26        android:protectionLevel="signature" />
26-->[androidx.core:core:1.16.0] AndroidManifest.xml:24:9-44
27
28    <uses-permission android:name="com.reader.fiction.fantasy.DYNAMIC_RECEIVER_NOT_EXPORTED_PERMISSION" /> <!-- Although the *SdkVersion is captured in gradle build files, this is required for non gradle builds -->
28-->[androidx.core:core:1.16.0] AndroidManifest.xml:26:5-97
28-->[androidx.core:core:1.16.0] AndroidManifest.xml:26:22-94
29    <!-- <uses-sdk android:minSdkVersion="14"/> -->
30    <uses-permission android:name="android.permission.ACCESS_NETWORK_STATE" />
30-->[com.google.android.datatransport:transport-backend-cct:3.1.8] AndroidManifest.xml:24:5-79
30-->[com.google.android.datatransport:transport-backend-cct:3.1.8] AndroidManifest.xml:24:22-76
31
32    <application
32-->src\main\AndroidManifest.xml:8:5-23:19
33        android:allowBackup="true"
33-->src\main\AndroidManifest.xml:9:9-35
34        android:appComponentFactory="androidx.core.app.CoreComponentFactory"
34-->[androidx.core:core:1.16.0] AndroidManifest.xml:28:18-86
35        android:extractNativeLibs="false"
36        android:icon="@mipmap/ic_launcher"
36-->src\main\AndroidManifest.xml:10:9-43
37        android:label="@string/app_name"
37-->src\main\AndroidManifest.xml:12:9-41
38        android:roundIcon="@mipmap/ic_launcher_round"
38-->src\main\AndroidManifest.xml:11:9-54
39        android:supportsRtl="true"
39-->src\main\AndroidManifest.xml:13:9-35
40        android:theme="@style/Theme.FictionReader" >
40-->src\main\AndroidManifest.xml:14:9-51
41        <activity
41-->src\main\AndroidManifest.xml:15:9-22:20
42            android:name="com.reader.fiction.fantasy.MainActivity"
42-->src\main\AndroidManifest.xml:16:13-41
43            android:exported="true" >
43-->src\main\AndroidManifest.xml:17:13-36
44            <intent-filter>
44-->src\main\AndroidManifest.xml:18:13-21:29
45                <action android:name="android.intent.action.MAIN" />
45-->src\main\AndroidManifest.xml:19:17-69
45-->src\main\AndroidManifest.xml:19:25-66
46
47                <category android:name="android.intent.category.LAUNCHER" />
47-->src\main\AndroidManifest.xml:20:17-77
47-->src\main\AndroidManifest.xml:20:27-74
48            </intent-filter>
49        </activity>
50        <activity
50-->[com.revenuecat.purchases:purchases:9.1.2] AndroidManifest.xml:10:9-13:75
51            android:name="com.revenuecat.purchases.amazon.purchasing.ProxyAmazonBillingActivity"
51-->[com.revenuecat.purchases:purchases:9.1.2] AndroidManifest.xml:11:13-97
52            android:configChanges="keyboard|keyboardHidden|screenLayout|screenSize|orientation"
52-->[com.revenuecat.purchases:purchases:9.1.2] AndroidManifest.xml:12:13-96
53            android:theme="@android:style/Theme.Translucent.NoTitleBar" />
53-->[com.revenuecat.purchases:purchases:9.1.2] AndroidManifest.xml:13:13-72
54
55        <meta-data
55-->[com.android.billingclient:billing:8.0.0] AndroidManifest.xml:22:9-24:37
56            android:name="com.google.android.play.billingclient.version"
56-->[com.android.billingclient:billing:8.0.0] AndroidManifest.xml:23:13-73
57            android:value="8.0.0" />
57-->[com.android.billingclient:billing:8.0.0] AndroidManifest.xml:24:13-34
58
59        <activity
59-->[com.android.billingclient:billing:8.0.0] AndroidManifest.xml:26:9-30:75
60            android:name="com.android.billingclient.api.ProxyBillingActivity"
60-->[com.android.billingclient:billing:8.0.0] AndroidManifest.xml:27:13-78
61            android:configChanges="keyboard|keyboardHidden|screenLayout|screenSize|orientation"
61-->[com.android.billingclient:billing:8.0.0] AndroidManifest.xml:28:13-96
62            android:exported="false"
62-->[com.android.billingclient:billing:8.0.0] AndroidManifest.xml:29:13-37
63            android:theme="@android:style/Theme.Translucent.NoTitleBar" />
63-->[com.android.billingclient:billing:8.0.0] AndroidManifest.xml:30:13-72
64        <activity
64-->[com.android.billingclient:billing:8.0.0] AndroidManifest.xml:31:9-35:75
65            android:name="com.android.billingclient.api.ProxyBillingActivityV2"
65-->[com.android.billingclient:billing:8.0.0] AndroidManifest.xml:32:13-80
66            android:configChanges="keyboard|keyboardHidden|screenLayout|screenSize|orientation"
66-->[com.android.billingclient:billing:8.0.0] AndroidManifest.xml:33:13-96
67            android:exported="false"
67-->[com.android.billingclient:billing:8.0.0] AndroidManifest.xml:34:13-37
68            android:theme="@android:style/Theme.Translucent.NoTitleBar" />
68-->[com.android.billingclient:billing:8.0.0] AndroidManifest.xml:35:13-72
69        <activity
69-->[com.google.android.gms:play-services-base:18.5.0] AndroidManifest.xml:5:9-173
70            android:name="com.google.android.gms.common.api.GoogleApiActivity"
70-->[com.google.android.gms:play-services-base:18.5.0] AndroidManifest.xml:5:19-85
71            android:exported="false"
71-->[com.google.android.gms:play-services-base:18.5.0] AndroidManifest.xml:5:146-170
72            android:theme="@android:style/Theme.Translucent.NoTitleBar" />
72-->[com.google.android.gms:play-services-base:18.5.0] AndroidManifest.xml:5:86-145
73
74        <meta-data
74-->[com.google.android.gms:play-services-basement:18.4.0] AndroidManifest.xml:6:9-122
75            android:name="com.google.android.gms.version"
75-->[com.google.android.gms:play-services-basement:18.4.0] AndroidManifest.xml:6:20-65
76            android:value="@integer/google_play_services_version" />
76-->[com.google.android.gms:play-services-basement:18.4.0] AndroidManifest.xml:6:66-119
77
78        <provider
78-->[androidx.emoji2:emoji2:1.4.0] AndroidManifest.xml:24:9-32:20
79            android:name="androidx.startup.InitializationProvider"
79-->[androidx.emoji2:emoji2:1.4.0] AndroidManifest.xml:25:13-67
80            android:authorities="com.reader.fiction.fantasy.androidx-startup"
80-->[androidx.emoji2:emoji2:1.4.0] AndroidManifest.xml:26:13-68
81            android:exported="false" >
81-->[androidx.emoji2:emoji2:1.4.0] AndroidManifest.xml:27:13-37
82            <meta-data
82-->[androidx.emoji2:emoji2:1.4.0] AndroidManifest.xml:29:13-31:52
83                android:name="androidx.emoji2.text.EmojiCompatInitializer"
83-->[androidx.emoji2:emoji2:1.4.0] AndroidManifest.xml:30:17-75
84                android:value="androidx.startup" />
84-->[androidx.emoji2:emoji2:1.4.0] AndroidManifest.xml:31:17-49
85            <meta-data
85-->[androidx.lifecycle:lifecycle-process:2.9.2] AndroidManifest.xml:29:13-31:52
86                android:name="androidx.lifecycle.ProcessLifecycleInitializer"
86-->[androidx.lifecycle:lifecycle-process:2.9.2] AndroidManifest.xml:30:17-78
87                android:value="androidx.startup" />
87-->[androidx.lifecycle:lifecycle-process:2.9.2] AndroidManifest.xml:31:17-49
88            <meta-data
88-->[androidx.profileinstaller:profileinstaller:1.4.0] AndroidManifest.xml:29:13-31:52
89                android:name="androidx.profileinstaller.ProfileInstallerInitializer"
89-->[androidx.profileinstaller:profileinstaller:1.4.0] AndroidManifest.xml:30:17-85
90                android:value="androidx.startup" />
90-->[androidx.profileinstaller:profileinstaller:1.4.0] AndroidManifest.xml:31:17-49
91        </provider>
92
93        <receiver
93-->[androidx.profileinstaller:profileinstaller:1.4.0] AndroidManifest.xml:34:9-52:20
94            android:name="androidx.profileinstaller.ProfileInstallReceiver"
94-->[androidx.profileinstaller:profileinstaller:1.4.0] AndroidManifest.xml:35:13-76
95            android:directBootAware="false"
95-->[androidx.profileinstaller:profileinstaller:1.4.0] AndroidManifest.xml:36:13-44
96            android:enabled="true"
96-->[androidx.profileinstaller:profileinstaller:1.4.0] AndroidManifest.xml:37:13-35
97            android:exported="true"
97-->[androidx.profileinstaller:profileinstaller:1.4.0] AndroidManifest.xml:38:13-36
98            android:permission="android.permission.DUMP" >
98-->[androidx.profileinstaller:profileinstaller:1.4.0] AndroidManifest.xml:39:13-57
99            <intent-filter>
99-->[androidx.profileinstaller:profileinstaller:1.4.0] AndroidManifest.xml:40:13-42:29
100                <action android:name="androidx.profileinstaller.action.INSTALL_PROFILE" />
100-->[androidx.profileinstaller:profileinstaller:1.4.0] AndroidManifest.xml:41:17-91
100-->[androidx.profileinstaller:profileinstaller:1.4.0] AndroidManifest.xml:41:25-88
101            </intent-filter>
102            <intent-filter>
102-->[androidx.profileinstaller:profileinstaller:1.4.0] AndroidManifest.xml:43:13-45:29
103                <action android:name="androidx.profileinstaller.action.SKIP_FILE" />
103-->[androidx.profileinstaller:profileinstaller:1.4.0] AndroidManifest.xml:44:17-85
103-->[androidx.profileinstaller:profileinstaller:1.4.0] AndroidManifest.xml:44:25-82
104            </intent-filter>
105            <intent-filter>
105-->[androidx.profileinstaller:profileinstaller:1.4.0] AndroidManifest.xml:46:13-48:29
106                <action android:name="androidx.profileinstaller.action.SAVE_PROFILE" />
106-->[androidx.profileinstaller:profileinstaller:1.4.0] AndroidManifest.xml:47:17-88
106-->[androidx.profileinstaller:profileinstaller:1.4.0] AndroidManifest.xml:47:25-85
107            </intent-filter>
108            <intent-filter>
108-->[androidx.profileinstaller:profileinstaller:1.4.0] AndroidManifest.xml:49:13-51:29
109                <action android:name="androidx.profileinstaller.action.BENCHMARK_OPERATION" />
109-->[androidx.profileinstaller:profileinstaller:1.4.0] AndroidManifest.xml:50:17-95
109-->[androidx.profileinstaller:profileinstaller:1.4.0] AndroidManifest.xml:50:25-92
110            </intent-filter>
111        </receiver>
112
113        <service
113-->[com.google.android.datatransport:transport-backend-cct:3.1.8] AndroidManifest.xml:28:9-34:19
114            android:name="com.google.android.datatransport.runtime.backends.TransportBackendDiscovery"
114-->[com.google.android.datatransport:transport-backend-cct:3.1.8] AndroidManifest.xml:29:13-103
115            android:exported="false" >
115-->[com.google.android.datatransport:transport-backend-cct:3.1.8] AndroidManifest.xml:30:13-37
116            <meta-data
116-->[com.google.android.datatransport:transport-backend-cct:3.1.8] AndroidManifest.xml:31:13-33:39
117                android:name="backend:com.google.android.datatransport.cct.CctBackendFactory"
117-->[com.google.android.datatransport:transport-backend-cct:3.1.8] AndroidManifest.xml:32:17-94
118                android:value="cct" />
118-->[com.google.android.datatransport:transport-backend-cct:3.1.8] AndroidManifest.xml:33:17-36
119        </service>
120        <service
120-->[com.google.android.datatransport:transport-runtime:3.1.8] AndroidManifest.xml:26:9-30:19
121            android:name="com.google.android.datatransport.runtime.scheduling.jobscheduling.JobInfoSchedulerService"
121-->[com.google.android.datatransport:transport-runtime:3.1.8] AndroidManifest.xml:27:13-117
122            android:exported="false"
122-->[com.google.android.datatransport:transport-runtime:3.1.8] AndroidManifest.xml:28:13-37
123            android:permission="android.permission.BIND_JOB_SERVICE" >
123-->[com.google.android.datatransport:transport-runtime:3.1.8] AndroidManifest.xml:29:13-69
124        </service>
125
126        <receiver
126-->[com.google.android.datatransport:transport-runtime:3.1.8] AndroidManifest.xml:32:9-34:40
127            android:name="com.google.android.datatransport.runtime.scheduling.jobscheduling.AlarmManagerSchedulerBroadcastReceiver"
127-->[com.google.android.datatransport:transport-runtime:3.1.8] AndroidManifest.xml:33:13-132
128            android:exported="false" />
128-->[com.google.android.datatransport:transport-runtime:3.1.8] AndroidManifest.xml:34:13-37
129    </application>
130
131</manifest>